This file contains any messages produced by compilers while
running configure, to aid debugging if configure makes a mistake.

It was created by pic14lib configure 0.1, which was
generated by GNU Autoconf 2.71.  Invocation command line was

  $ ./configure --disable-option-checking --prefix=/usr/local --enable-libgc --enable-doc --enable-mcs51-port --enable-ucsim --enable-device-lib --enable-packihx --enable-sdcpp --enable-sdcdb --enable-sdbinutils --enable-non-free --with-ccache 'docdir=${datarootdir}/doc/${PACKAGE}' --cache-file=/dev/null --srcdir=.

## --------- ##
## Platform. ##
## --------- ##

hostname = workstation
uname -m = x86_64
uname -r = 6.0.3-amd64
uname -s = Linux
uname -v = #1 SMP PREEMPT_DYNAMIC Fri Oct 28 16:45:15 CEST 2022

/usr/bin/uname -p = unknown
/bin/uname -X     = unknown

/bin/arch              = x86_64
/usr/bin/arch -k       = unknown
/usr/convex/getsysinfo = unknown
/usr/bin/hostinfo      = unknown
/bin/machine           = unknown
/usr/bin/oslevel       = unknown
/bin/universe          = unknown

PATH: /usr/local/sbin/
PATH: /usr/local/bin/
PATH: /usr/sbin/
PATH: /usr/bin/
PATH: /sbin/
PATH: /bin/


## ----------- ##
## Core tests. ##
## ----------- ##

configure:1750: looking for aux files: missing install-sh
configure:1763:  trying ./
configure:1792:   ./missing found
configure:1774:   ./install-sh found
configure:1921: checking for a BSD-compatible install
configure:1994: result: /usr/bin/install -c
configure:2005: checking whether build environment is sane
configure:2060: result: yes
configure:2219: checking for a race-free mkdir -p
configure:2263: result: /usr/bin/mkdir -p
configure:2270: checking for gawk
configure:2291: found /usr/bin/gawk
configure:2302: result: gawk
configure:2313: checking whether make sets $(MAKE)
configure:2336: result: yes
configure:2366: checking whether make supports nested variables
configure:2384: result: yes
configure:2557: checking for gpasm
configure:2580: found /usr/bin/gpasm
configure:2593: result: /usr/bin/gpasm
configure:2603: checking for gplink
configure:2626: found /usr/bin/gplink
configure:2639: result: /usr/bin/gplink
configure:2649: checking for gplib
configure:2672: found /usr/bin/gplib
configure:2685: result: /usr/bin/gplib
configure:2728: checking whether make supports the include directive
configure:2743: make -f confmf.GNU && cat confinc.out
this is the am__doit target
configure:2746: $? = 0
configure:2765: result: yes (GNU style)
configure:2791: checking dependency style of '/data/pcbs/SIPROSLIC/sdcc/device/lib/pic14//../../../bin/sdcc'
configure:2903: result: none
configure:2921: checking dependency style of '/usr/bin/gpasm'
configure:3031: result: none
configure:3047: checking whether gputils support enhanced cores
configure:3057: result: yes
configure:3068: checking wheter gputils support the extended instruction set
configure:3075: result: yes
configure:3232: checking that generated files are newer than configure
configure:3238: result: done
configure:3278: creating ./config.status

## ---------------------- ##
## Running config.status. ##
## ---------------------- ##

This file was extended by pic14lib config.status 0.1, which was
generated by GNU Autoconf 2.71.  Invocation command line was

  CONFIG_FILES    = 
  CONFIG_HEADERS  = 
  CONFIG_LINKS    = 
  CONFIG_COMMANDS = 
  $ ./config.status 

on workstation

config.status:857: creating Makefile
config.status:857: creating libsdcc/enhanced/Makefile
config.status:857: creating libsdcc/enhanced-no-xinst/Makefile
config.status:857: creating libsdcc/regular/Makefile
config.status:857: creating libc/Makefile
config.status:857: creating libm/Makefile
config.status:857: creating config.h
config.status:1038: config.h is unchanged
config.status:1086: executing depfiles commands

## ---------------- ##
## Cache variables. ##
## ---------------- ##

ac_cv_env_build_alias_set=
ac_cv_env_build_alias_value=
ac_cv_env_host_alias_set=
ac_cv_env_host_alias_value=
ac_cv_env_target_alias_set=
ac_cv_env_target_alias_value=
ac_cv_path_AR=/usr/bin/gplib
ac_cv_path_CCAS=/usr/bin/gpasm
ac_cv_path_LD=/usr/bin/gplink
ac_cv_path_install='/usr/bin/install -c'
ac_cv_path_mkdir=/usr/bin/mkdir
ac_cv_prog_AWK=gawk
ac_cv_prog_make_make_set=yes
am_cv_CCAS_dependencies_compiler_type=none
am_cv_CC_dependencies_compiler_type=none
am_cv_make_support_nested_variables=yes

## ----------------- ##
## Output variables. ##
## ----------------- ##

ACLOCAL='${SHELL} '\''/data/pcbs/SIPROSLIC/sdcc/device/lib/pic14/missing'\'' aclocal-1.16'
AMDEPBACKSLASH='\'
AMDEP_FALSE='#'
AMDEP_TRUE=''
AMTAR='$${TAR-tar}'
AM_BACKSLASH='\'
AM_DEFAULT_V='$(AM_DEFAULT_VERBOSITY)'
AM_DEFAULT_VERBOSITY='1'
AM_V='$(V)'
AR=''\''/usr/bin/gplib'\'''
ARCH='16f877'
ARFLAGS='-c'
AUTOCONF='${SHELL} '\''/data/pcbs/SIPROSLIC/sdcc/device/lib/pic14/missing'\'' autoconf'
AUTOHEADER='${SHELL} '\''/data/pcbs/SIPROSLIC/sdcc/device/lib/pic14/missing'\'' autoheader'
AUTOMAKE='${SHELL} '\''/data/pcbs/SIPROSLIC/sdcc/device/lib/pic14/missing'\'' automake-1.16'
AWK='gawk'
CC=''\''/data/pcbs/SIPROSLIC/sdcc/device/lib/pic14//../../../bin/sdcc'\'''
CCAS=''\''/usr/bin/gpasm'\'''
CCASDEPMODE='depmode=none'
CCASFLAGS=''
CCDEPMODE='depmode=none'
CFLAGS=''
CSCOPE='cscope'
CTAGS='ctags'
CYGPATH_W='echo'
DEFS='-DHAVE_CONFIG_H'
DEPDIR='.deps'
EARCH='16f1788'
ECHO_C=''
ECHO_N='-n'
ECHO_T=''
ENABLE_DEBUG_FALSE=''
ENABLE_DEBUG_TRUE='#'
ENABLE_ENHANCED_PICS_FALSE='#'
ENABLE_ENHANCED_PICS_TRUE=''
ENABLE_EXPERIMENTAL_FALSE=''
ENABLE_EXPERIMENTAL_TRUE='#'
ENABLE_EXTENDED_INSTRUCTIONS_FALSE='#'
ENABLE_EXTENDED_INSTRUCTIONS_TRUE=''
ENABLE_NOOPTS_FALSE=''
ENABLE_NOOPTS_TRUE='#'
ETAGS='etags'
INSTALL_DATA='${INSTALL} -m 644'
INSTALL_PROGRAM='${INSTALL}'
INSTALL_SCRIPT='${INSTALL}'
INSTALL_STRIP_PROGRAM='$(install_sh) -c -s'
LD=''\''/usr/bin/gplink'\'''
LDFLAGS='-m -l -w'
LIBOBJS=''
LIBS=''
LTLIBOBJS=''
MAKEINFO='${SHELL} '\''/data/pcbs/SIPROSLIC/sdcc/device/lib/pic14/missing'\'' makeinfo'
MKDIR_P='/usr/bin/mkdir -p'
OBJEXT='o'
PACKAGE='pic14lib'
PACKAGE_BUGREPORT='tecodev AT users sourceforge net'
PACKAGE_NAME='pic14lib'
PACKAGE_STRING='pic14lib 0.1'
PACKAGE_TARNAME='pic14lib'
PACKAGE_URL=''
PACKAGE_VERSION='0.1'
PATH_SEPARATOR=':'
RANLIB=':'
SET_MAKE=''
SHELL='/bin/bash'
STRIP=''
VERSION='0.1'
am__fastdepCCAS_FALSE=''
am__fastdepCCAS_TRUE='#'
am__fastdepCC_FALSE=''
am__fastdepCC_TRUE='#'
am__include='include'
am__isrc=''
am__leading_dot='.'
am__nodep='_no'
am__quote=''
am__tar='$${TAR-tar} chof - "$$tardir"'
am__untar='$${TAR-tar} xf -'
bindir='${exec_prefix}/bin'
build_alias=''
datadir='${datarootdir}'
datarootdir='${prefix}/share'
docdir='${datarootdir}/doc/${PACKAGE}'
dvidir='${docdir}'
exec_prefix='${prefix}'
host_alias=''
htmldir='${docdir}'
includedir='${prefix}/include'
infodir='${datarootdir}/info'
install_sh='${SHELL} /data/pcbs/SIPROSLIC/sdcc/device/lib/pic14/install-sh'
libdir='${exec_prefix}/lib/pic14'
libexecdir='${exec_prefix}/libexec'
localedir='${datarootdir}/locale'
localstatedir='${prefix}/var'
mandir='${datarootdir}/man'
mkdir_p='$(MKDIR_P)'
oldincludedir='/usr/include'
pdfdir='${docdir}'
prefix='/usr/local'
program_transform_name='s,x,x,'
psdir='${docdir}'
runstatedir='${localstatedir}/run'
sbindir='${exec_prefix}/sbin'
sharedstatedir='${prefix}/com'
sysconfdir='${prefix}/etc'
target_alias=''

## ----------- ##
## confdefs.h. ##
## ----------- ##

/* confdefs.h */
#define PACKAGE_NAME "pic14lib"
#define PACKAGE_TARNAME "pic14lib"
#define PACKAGE_VERSION "0.1"
#define PACKAGE_STRING "pic14lib 0.1"
#define PACKAGE_BUGREPORT "tecodev AT users sourceforge net"
#define PACKAGE_URL ""
#define PACKAGE "pic14lib"
#define VERSION "0.1"

configure: exit 0
